[0.508s] Invoking command in '/home/albinev/dynamica/dynamica_vision/build/yolov8_msgs': CMAKE_PREFIX_PATH=${CMAKE_PREFIX_PATH}:/home/albinev/sorgiva/ros2_humble/install/rqt_bag_plugins:/home/albinev/sorgiva/ros2_humble/install/rqt_bag:/home/albinev/sorgiva/ros2_humble/install/ros2bag:/home/albinev/sorgiva/ros2_humble/install/tracetools_test:/home/albinev/sorgiva/ros2_humble/install/tracetools_launch:/home/albinev/sorgiva/ros2_humble/install/topic_monitor:/home/albinev/sorgiva/ros2_humble/install/tf2_tools:/home/albinev/sorgiva/ros2_humble/install/examples_tf2_py:/home/albinev/sorgiva/ros2_humble/install/tf2_ros_py:/home/albinev/sorgiva/ros2_humble/install/sros2:/home/albinev/sorgiva/ros2_humble/install/rqt_topic:/home/albinev/sorgiva/ros2_humble/install/rqt_srv:/home/albinev/sorgiva/ros2_humble/install/rqt_shell:/home/albinev/sorgiva/ros2_humble/install/rqt_service_caller:/home/albinev/sorgiva/ros2_humble/install/rqt_reconfigure:/home/albinev/sorgiva/ros2_humble/install/rqt_py_console:/home/albinev/sorgiva/ros2_humble/install/rqt_publisher:/home/albinev/sorgiva/ros2_humble/install/rqt_plot:/home/albinev/sorgiva/ros2_humble/install/rqt_action:/home/albinev/sorgiva/ros2_humble/install/rqt_msg:/home/albinev/sorgiva/ros2_humble/install/rqt_console:/home/albinev/sorgiva/ros2_humble/install/rqt:/home/albinev/sorgiva/ros2_humble/install/rqt_graph:/home/albinev/sorgiva/ros2_humble/install/rqt_gui_py:/home/albinev/sorgiva/ros2_humble/install/rqt_gui:/home/albinev/sorgiva/ros2_humble/install/ros2trace:/home/albinev/sorgiva/ros2_humble/install/ros2topic:/home/albinev/sorgiva/ros2_humble/install/ros2test:/home/albinev/sorgiva/ros2_humble/install/ros2component:/home/albinev/sorgiva/ros2_humble/install/ros2param:/home/albinev/sorgiva/ros2_humble/install/ros2lifecycle:/home/albinev/sorgiva/ros2_humble/install/ros2service:/home/albinev/sorgiva/ros2_humble/install/ros2run:/home/albinev/sorgiva/ros2_humble/install/ros2launch:/home/albinev/sorgiva/ros2_humble/install/ros2pkg:/home/albinev/sorgiva/ros2_humble/install/ros2node:/home/albinev/sorgiva/ros2_humble/install/ros2multicast:/home/albinev/sorgiva/ros2_humble/install/ros2interface:/home/albinev/sorgiva/ros2_humble/install/ros2doctor:/home/albinev/sorgiva/ros2_humble/install/ros2action:/home/albinev/sorgiva/ros2_humble/install/ros2cli:/home/albinev/sorgiva/ros2_humble/install/quality_of_service_demo_py:/home/albinev/sorgiva/ros2_humble/install/lifecycle_py:/home/albinev/sorgiva/ros2_humble/install/launch_testing_ros:/home/albinev/sorgiva/ros2_humble/install/launch_ros:/home/albinev/sorgiva/ros2_humble/install/examples_rclpy_pointcloud_publisher:/home/albinev/sorgiva/ros2_humble/install/examples_rclpy_minimal_subscriber:/home/albinev/sorgiva/ros2_humble/install/examples_rclpy_minimal_service:/home/albinev/sorgiva/ros2_humble/install/examples_rclpy_minimal_publisher:/home/albinev/sorgiva/ros2_humble/install/examples_rclpy_minimal_client:/home/albinev/sorgiva/ros2_humble/install/examples_rclpy_minimal_action_server:/home/albinev/sorgiva/ros2_humble/install/examples_rclpy_minimal_action_client:/home/albinev/sorgiva/ros2_humble/install/examples_rclpy_guard_conditions:/home/albinev/sorgiva/ros2_humble/install/examples_rclpy_executors:/home/albinev/sorgiva/ros2_humble/install/demo_nodes_py:/home/albinev/sorgiva/ros2_humble/install/action_tutorials_py:/home/albinev/sorgiva/ros2_humble/install/ament_uncrustify:/home/albinev/sorgiva/ros2_humble/install/tracetools_trace:/home/albinev/sorgiva/ros2_humble/install/tracetools_read:/home/albinev/sorgiva/ros2_humble/install/test_tracetools_launch:/home/albinev/sorgiva/ros2_humble/install/test_launch_ros:/home/albinev/sorgiva/ros2_humble/install/sensor_msgs_py:/home/albinev/sorgiva/ros2_humble/install/rpyutils:/home/albinev/sorgiva/ros2_humble/install/rosidl_runtime_py:/home/albinev/sorgiva/ros2_humble/install/rosidl_cli:/home/albinev/sorgiva/ros2_humble/install/launch_pytest:/home/albinev/sorgiva/ros2_humble/install/launch_testing:/home/albinev/sorgiva/ros2_humble/install/launch_yaml:/home/albinev/sorgiva/ros2_humble/install/launch_xml:/home/albinev/sorgiva/ros2_humble/install/launch:/home/albinev/sorgiva/ros2_humble/install/osrf_pycommon:/home/albinev/sorgiva/ros2_humble/install/launch_testing_examples:/home/albinev/sorgiva/ros2_humble/install/domain_coordinator:/home/albinev/sorgiva/ros2_humble/install/ament_xmllint:/home/albinev/sorgiva/ros2_humble/install/ament_pyflakes:/home/albinev/sorgiva/ros2_humble/install/ament_pycodestyle:/home/albinev/sorgiva/ros2_humble/install/ament_pep257:/home/albinev/sorgiva/ros2_humble/install/ament_pclint:/home/albinev/sorgiva/ros2_humble/install/ament_package:/home/albinev/sorgiva/ros2_humble/install/ament_mypy:/home/albinev/sorgiva/ros2_humble/install/ament_lint_cmake:/home/albinev/sorgiva/ros2_humble/install/ament_flake8:/home/albinev/sorgiva/ros2_humble/install/ament_copyright:/home/albinev/sorgiva/ros2_humble/install/ament_lint:/home/albinev/sorgiva/ros2_humble/install/ament_index_python:/home/albinev/sorgiva/ros2_humble/install/ament_cpplint:/home/albinev/sorgiva/ros2_humble/install/ament_cppcheck:/home/albinev/sorgiva/ros2_humble/install/ament_clang_tidy:/home/albinev/sorgiva/ros2_humble/install/ament_clang_format:/opt/ros/humble /usr/bin/cmake /home/albinev/dynamica/dynamica_vision/src/yolov8_ros/yolov8_msgs -DCMAKE_INSTALL_PREFIX=/home/albinev/dynamica/dynamica_vision/install/yolov8_msgs
[0.620s] -- The C compiler identification is GNU 11.4.0
[0.696s] -- The CXX compiler identification is GNU 11.4.0
[0.707s] -- Detecting C compiler ABI info
[0.855s] -- Detecting C compiler ABI info - done
[0.862s] -- Check for working C compiler: /usr/bin/cc - skipped
[0.862s] -- Detecting C compile features
[0.863s] -- Detecting C compile features - done
[0.865s] -- Detecting CXX compiler ABI info
[1.022s] -- Detecting CXX compiler ABI info - done
[1.028s] -- Check for working CXX compiler: /usr/bin/c++ - skipped
[1.028s] -- Detecting CXX compile features
[1.029s] -- Detecting CXX compile features - done
[1.054s] -- Found ament_cmake: 1.3.8 (/home/albinev/sorgiva/ros2_humble/install/ament_cmake/share/ament_cmake/cmake)
[1.606s] -- Found Python3: /usr/bin/python3 (found version "3.10.12") found components: Interpreter 
[2.184s] -- Found rosidl_default_generators: 1.2.0 (/home/albinev/sorgiva/ros2_humble/install/rosidl_default_generators/share/rosidl_default_generators/cmake)
[2.290s] -- Using all available rosidl_typesupport_c: rosidl_typesupport_introspection_c;rosidl_typesupport_fastrtps_c
[2.352s] -- Found rosidl_adapter: 3.1.5 (/home/albinev/sorgiva/ros2_humble/install/rosidl_adapter/share/rosidl_adapter/cmake)
[2.597s] -- Using all available rosidl_typesupport_cpp: rosidl_typesupport_introspection_cpp;rosidl_typesupport_fastrtps_cpp
[2.749s] -- Found std_msgs: 4.2.3 (/home/albinev/sorgiva/ros2_humble/install/std_msgs/share/std_msgs/cmake)
[2.870s] -- Found geometry_msgs: 4.2.3 (/home/albinev/sorgiva/ros2_humble/install/geometry_msgs/share/geometry_msgs/cmake)
[3.856s] -- Found ament_cmake_ros: 0.10.0 (/home/albinev/sorgiva/ros2_humble/install/ament_cmake_ros/share/ament_cmake_ros/cmake)
[4.327s] -- Using all available rosidl_typesupport_c: rosidl_typesupport_introspection_c;rosidl_typesupport_fastrtps_c
[5.102s] -- Using all available rosidl_typesupport_cpp: rosidl_typesupport_introspection_cpp;rosidl_typesupport_fastrtps_cpp
[5.178s] -- Found PythonInterp: /usr/bin/python3 (found suitable version "3.10.12", minimum required is "3.6") 
[5.200s] -- Found python_cmake_module: 0.10.0 (/home/albinev/sorgiva/ros2_humble/install/python_cmake_module/share/python_cmake_module/cmake)
[5.288s] -- Found PythonLibs: /usr/lib/x86_64-linux-gnu/libpython3.10.so (found suitable version "3.10.12", minimum required is "3.5") 
[5.288s] -- Using PYTHON_EXECUTABLE: /usr/bin/python3
[5.289s] -- Using PYTHON_INCLUDE_DIRS: /usr/include/python3.10
[5.289s] -- Using PYTHON_LIBRARIES: /usr/lib/x86_64-linux-gnu/libpython3.10.so
[5.358s] -- Found PythonExtra: .so  
[5.799s] -- Configuring done
[5.847s] -- Generating done
[5.849s] -- Build files have been written to: /home/albinev/dynamica/dynamica_vision/build/yolov8_msgs
