[0.204s] DEBUG:colcon:Command line arguments: ['/usr/bin/colcon', 'build']
[0.204s] DEBUG:colcon:Parsed command line arguments: Namespace(log_base=None, log_level=None, verb_name='build', build_base='build', install_base='install', merge_install=False, symlink_install=False, test_result_base=None, continue_on_error=False, executor='parallel', parallel_workers=12, event_handlers=None, ignore_user_meta=False, metas=['./colcon.meta'], base_paths=['.'], packages_ignore=None, packages_ignore_regex=None, paths=None, packages_up_to=None, packages_up_to_regex=None, packages_above=None, packages_above_and_dependencies=None, packages_above_depth=None, packages_select_by_dep=None, packages_skip_by_dep=None, packages_skip_up_to=None, packages_select_build_failed=False, packages_skip_build_finished=False, packages_select_test_failures=False, packages_skip_test_passed=False, packages_select=None, packages_skip=None, packages_select_regex=None, packages_skip_regex=None, packages_start=None, packages_end=None, allow_overriding=[], cmake_args=None, cmake_target=None, cmake_target_skip_unavailable=False, cmake_clean_cache=False, cmake_clean_first=False, cmake_force_configure=False, ament_cmake_args=None, catkin_cmake_args=None, catkin_skip_building_tests=False, mixin_files=None, mixin=None, verb_parser=<colcon_mixin.mixin.mixin_argument.MixinArgumentDecorator object at 0x79f790a939a0>, verb_extension=<colcon_core.verb.build.BuildVerb object at 0x79f790be40d0>, main=<bound method BuildVerb.main of <colcon_core.verb.build.BuildVerb object at 0x79f790be40d0>>, mixin_verb=('build',))
[0.450s] Level 1:colcon.colcon_core.package_discovery:discover_packages(colcon_meta) check parameters
[0.451s] Level 1:colcon.colcon_core.package_discovery:discover_packages(recursive) check parameters
[0.451s] Level 1:colcon.colcon_core.package_discovery:discover_packages(ignore) check parameters
[0.451s] Level 1:colcon.colcon_core.package_discovery:discover_packages(path) check parameters
[0.451s] Level 1:colcon.colcon_core.package_discovery:discover_packages(colcon_meta) discover
[0.451s] Level 1:colcon.colcon_core.package_discovery:discover_packages(recursive) discover
[0.451s] INFO:colcon.colcon_core.package_discovery:Crawling recursively for packages in '/home/albinev/dynamica/dynamica_vision'
[0.451s] Level 1:colcon.colcon_core.package_identification:_identify(.) by extensions ['ignore', 'ignore_ament_install']
[0.451s] Level 1:colcon.colcon_core.package_identification:_identify(.) by extension 'ignore'
[0.451s] Level 1:colcon.colcon_core.package_identification:_identify(.) by extension 'ignore_ament_install'
[0.451s] Level 1:colcon.colcon_core.package_identification:_identify(.) by extensions ['colcon_pkg']
[0.451s] Level 1:colcon.colcon_core.package_identification:_identify(.) by extension 'colcon_pkg'
[0.451s] Level 1:colcon.colcon_core.package_identification:_identify(.) by extensions ['colcon_meta']
[0.451s] Level 1:colcon.colcon_core.package_identification:_identify(.) by extension 'colcon_meta'
[0.451s] Level 1:colcon.colcon_core.package_identification:_identify(.) by extensions ['ros']
[0.451s] Level 1:colcon.colcon_core.package_identification:_identify(.) by extension 'ros'
[0.461s] Level 1:colcon.colcon_core.package_identification:_identify(.) by extensions ['cmake', 'python']
[0.461s] Level 1:colcon.colcon_core.package_identification:_identify(.) by extension 'cmake'
[0.461s] Level 1:colcon.colcon_core.package_identification:_identify(.) by extension 'python'
[0.461s] Level 1:colcon.colcon_core.package_identification:_identify(.) by extensions ['python_setup_py']
[0.461s] Level 1:colcon.colcon_core.package_identification:_identify(.) by extension 'python_setup_py'
[0.461s] Level 1:colcon.colcon_core.package_identification:_identify(build) by extensions ['ignore', 'ignore_ament_install']
[0.461s] Level 1:colcon.colcon_core.package_identification:_identify(build) by extension 'ignore'
[0.461s] Level 1:colcon.colcon_core.package_identification:_identify(build) ignored
[0.461s] Level 1:colcon.colcon_core.package_identification:_identify(install) by extensions ['ignore', 'ignore_ament_install']
[0.462s] Level 1:colcon.colcon_core.package_identification:_identify(install) by extension 'ignore'
[0.462s] Level 1:colcon.colcon_core.package_identification:_identify(install) ignored
[0.462s] Level 1:colcon.colcon_core.package_identification:_identify(log) by extensions ['ignore', 'ignore_ament_install']
[0.462s] Level 1:colcon.colcon_core.package_identification:_identify(log) by extension 'ignore'
[0.462s] Level 1:colcon.colcon_core.package_identification:_identify(log) ignored
[0.462s] Level 1:colcon.colcon_core.package_identification:_identify(src) by extensions ['ignore', 'ignore_ament_install']
[0.462s] Level 1:colcon.colcon_core.package_identification:_identify(src) by extension 'ignore'
[0.462s] Level 1:colcon.colcon_core.package_identification:_identify(src) by extension 'ignore_ament_install'
[0.462s] Level 1:colcon.colcon_core.package_identification:_identify(src) by extensions ['colcon_pkg']
[0.462s] Level 1:colcon.colcon_core.package_identification:_identify(src) by extension 'colcon_pkg'
[0.462s] Level 1:colcon.colcon_core.package_identification:_identify(src) by extensions ['colcon_meta']
[0.462s] Level 1:colcon.colcon_core.package_identification:_identify(src) by extension 'colcon_meta'
[0.462s] Level 1:colcon.colcon_core.package_identification:_identify(src) by extensions ['ros']
[0.462s] Level 1:colcon.colcon_core.package_identification:_identify(src) by extension 'ros'
[0.462s] Level 1:colcon.colcon_core.package_identification:_identify(src) by extensions ['cmake', 'python']
[0.462s] Level 1:colcon.colcon_core.package_identification:_identify(src) by extension 'cmake'
[0.462s] Level 1:colcon.colcon_core.package_identification:_identify(src) by extension 'python'
[0.462s] Level 1:colcon.colcon_core.package_identification:_identify(src) by extensions ['python_setup_py']
[0.462s] Level 1:colcon.colcon_core.package_identification:_identify(src) by extension 'python_setup_py'
[0.462s] Level 1:colcon.colcon_core.package_identification:_identify(src/background_removal) by extensions ['ignore', 'ignore_ament_install']
[0.463s] Level 1:colcon.colcon_core.package_identification:_identify(src/background_removal) by extension 'ignore'
[0.463s] Level 1:colcon.colcon_core.package_identification:_identify(src/background_removal) by extension 'ignore_ament_install'
[0.463s] Level 1:colcon.colcon_core.package_identification:_identify(src/background_removal) by extensions ['colcon_pkg']
[0.463s] Level 1:colcon.colcon_core.package_identification:_identify(src/background_removal) by extension 'colcon_pkg'
[0.463s] Level 1:colcon.colcon_core.package_identification:_identify(src/background_removal) by extensions ['colcon_meta']
[0.463s] Level 1:colcon.colcon_core.package_identification:_identify(src/background_removal) by extension 'colcon_meta'
[0.463s] Level 1:colcon.colcon_core.package_identification:_identify(src/background_removal) by extensions ['ros']
[0.463s] Level 1:colcon.colcon_core.package_identification:_identify(src/background_removal) by extension 'ros'
[0.465s] DEBUG:colcon.colcon_core.package_identification:Package 'src/background_removal' with type 'ros.ament_cmake' and name 'background_removal'
[0.465s] Level 1:colcon.colcon_core.package_identification:_identify(src/yolov8_ros) by extensions ['ignore', 'ignore_ament_install']
[0.465s] Level 1:colcon.colcon_core.package_identification:_identify(src/yolov8_ros) by extension 'ignore'
[0.465s] Level 1:colcon.colcon_core.package_identification:_identify(src/yolov8_ros) by extension 'ignore_ament_install'
[0.465s] Level 1:colcon.colcon_core.package_identification:_identify(src/yolov8_ros) by extensions ['colcon_pkg']
[0.465s] Level 1:colcon.colcon_core.package_identification:_identify(src/yolov8_ros) by extension 'colcon_pkg'
[0.465s] Level 1:colcon.colcon_core.package_identification:_identify(src/yolov8_ros) by extensions ['colcon_meta']
[0.465s] Level 1:colcon.colcon_core.package_identification:_identify(src/yolov8_ros) by extension 'colcon_meta'
[0.465s] Level 1:colcon.colcon_core.package_identification:_identify(src/yolov8_ros) by extensions ['ros']
[0.465s] Level 1:colcon.colcon_core.package_identification:_identify(src/yolov8_ros) by extension 'ros'
[0.465s] Level 1:colcon.colcon_core.package_identification:_identify(src/yolov8_ros) by extensions ['cmake', 'python']
[0.465s] Level 1:colcon.colcon_core.package_identification:_identify(src/yolov8_ros) by extension 'cmake'
[0.465s] Level 1:colcon.colcon_core.package_identification:_identify(src/yolov8_ros) by extension 'python'
[0.465s] Level 1:colcon.colcon_core.package_identification:_identify(src/yolov8_ros) by extensions ['python_setup_py']
[0.465s] Level 1:colcon.colcon_core.package_identification:_identify(src/yolov8_ros) by extension 'python_setup_py'
[0.465s] Level 1:colcon.colcon_core.package_identification:_identify(src/yolov8_ros/docs) by extensions ['ignore', 'ignore_ament_install']
[0.465s] Level 1:colcon.colcon_core.package_identification:_identify(src/yolov8_ros/docs) by extension 'ignore'
[0.466s] Level 1:colcon.colcon_core.package_identification:_identify(src/yolov8_ros/docs) by extension 'ignore_ament_install'
[0.466s] Level 1:colcon.colcon_core.package_identification:_identify(src/yolov8_ros/docs) by extensions ['colcon_pkg']
[0.466s] Level 1:colcon.colcon_core.package_identification:_identify(src/yolov8_ros/docs) by extension 'colcon_pkg'
[0.466s] Level 1:colcon.colcon_core.package_identification:_identify(src/yolov8_ros/docs) by extensions ['colcon_meta']
[0.466s] Level 1:colcon.colcon_core.package_identification:_identify(src/yolov8_ros/docs) by extension 'colcon_meta'
[0.466s] Level 1:colcon.colcon_core.package_identification:_identify(src/yolov8_ros/docs) by extensions ['ros']
[0.466s] Level 1:colcon.colcon_core.package_identification:_identify(src/yolov8_ros/docs) by extension 'ros'
[0.466s] Level 1:colcon.colcon_core.package_identification:_identify(src/yolov8_ros/docs) by extensions ['cmake', 'python']
[0.466s] Level 1:colcon.colcon_core.package_identification:_identify(src/yolov8_ros/docs) by extension 'cmake'
[0.466s] Level 1:colcon.colcon_core.package_identification:_identify(src/yolov8_ros/docs) by extension 'python'
[0.466s] Level 1:colcon.colcon_core.package_identification:_identify(src/yolov8_ros/docs) by extensions ['python_setup_py']
[0.466s] Level 1:colcon.colcon_core.package_identification:_identify(src/yolov8_ros/docs) by extension 'python_setup_py'
[0.466s] Level 1:colcon.colcon_core.package_identification:_identify(src/yolov8_ros/yolov8_bringup) by extensions ['ignore', 'ignore_ament_install']
[0.466s] Level 1:colcon.colcon_core.package_identification:_identify(src/yolov8_ros/yolov8_bringup) by extension 'ignore'
[0.466s] Level 1:colcon.colcon_core.package_identification:_identify(src/yolov8_ros/yolov8_bringup) by extension 'ignore_ament_install'
[0.466s] Level 1:colcon.colcon_core.package_identification:_identify(src/yolov8_ros/yolov8_bringup) by extensions ['colcon_pkg']
[0.466s] Level 1:colcon.colcon_core.package_identification:_identify(src/yolov8_ros/yolov8_bringup) by extension 'colcon_pkg'
[0.466s] Level 1:colcon.colcon_core.package_identification:_identify(src/yolov8_ros/yolov8_bringup) by extensions ['colcon_meta']
[0.466s] Level 1:colcon.colcon_core.package_identification:_identify(src/yolov8_ros/yolov8_bringup) by extension 'colcon_meta'
[0.466s] Level 1:colcon.colcon_core.package_identification:_identify(src/yolov8_ros/yolov8_bringup) by extensions ['ros']
[0.466s] Level 1:colcon.colcon_core.package_identification:_identify(src/yolov8_ros/yolov8_bringup) by extension 'ros'
[0.467s] DEBUG:colcon.colcon_core.package_identification:Package 'src/yolov8_ros/yolov8_bringup' with type 'ros.ament_cmake' and name 'yolov8_bringup'
[0.467s] Level 1:colcon.colcon_core.package_identification:_identify(src/yolov8_ros/yolov8_msgs) by extensions ['ignore', 'ignore_ament_install']
[0.467s] Level 1:colcon.colcon_core.package_identification:_identify(src/yolov8_ros/yolov8_msgs) by extension 'ignore'
[0.467s] Level 1:colcon.colcon_core.package_identification:_identify(src/yolov8_ros/yolov8_msgs) by extension 'ignore_ament_install'
[0.467s] Level 1:colcon.colcon_core.package_identification:_identify(src/yolov8_ros/yolov8_msgs) by extensions ['colcon_pkg']
[0.467s] Level 1:colcon.colcon_core.package_identification:_identify(src/yolov8_ros/yolov8_msgs) by extension 'colcon_pkg'
[0.467s] Level 1:colcon.colcon_core.package_identification:_identify(src/yolov8_ros/yolov8_msgs) by extensions ['colcon_meta']
[0.467s] Level 1:colcon.colcon_core.package_identification:_identify(src/yolov8_ros/yolov8_msgs) by extension 'colcon_meta'
[0.467s] Level 1:colcon.colcon_core.package_identification:_identify(src/yolov8_ros/yolov8_msgs) by extensions ['ros']
[0.467s] Level 1:colcon.colcon_core.package_identification:_identify(src/yolov8_ros/yolov8_msgs) by extension 'ros'
[0.468s] DEBUG:colcon.colcon_core.package_identification:Package 'src/yolov8_ros/yolov8_msgs' with type 'ros.ament_cmake' and name 'yolov8_msgs'
[0.468s] Level 1:colcon.colcon_core.package_identification:_identify(src/yolov8_ros/yolov8_ros) by extensions ['ignore', 'ignore_ament_install']
[0.468s] Level 1:colcon.colcon_core.package_identification:_identify(src/yolov8_ros/yolov8_ros) by extension 'ignore'
[0.468s] Level 1:colcon.colcon_core.package_identification:_identify(src/yolov8_ros/yolov8_ros) by extension 'ignore_ament_install'
[0.468s] Level 1:colcon.colcon_core.package_identification:_identify(src/yolov8_ros/yolov8_ros) by extensions ['colcon_pkg']
[0.468s] Level 1:colcon.colcon_core.package_identification:_identify(src/yolov8_ros/yolov8_ros) by extension 'colcon_pkg'
[0.468s] Level 1:colcon.colcon_core.package_identification:_identify(src/yolov8_ros/yolov8_ros) by extensions ['colcon_meta']
[0.468s] Level 1:colcon.colcon_core.package_identification:_identify(src/yolov8_ros/yolov8_ros) by extension 'colcon_meta'
[0.468s] Level 1:colcon.colcon_core.package_identification:_identify(src/yolov8_ros/yolov8_ros) by extensions ['ros']
[0.468s] Level 1:colcon.colcon_core.package_identification:_identify(src/yolov8_ros/yolov8_ros) by extension 'ros'
[0.468s] DEBUG:colcon.colcon_core.package_identification:Package 'src/yolov8_ros/yolov8_ros' with type 'ros.ament_python' and name 'yolov8_ros'
[0.468s] Level 1:colcon.colcon_core.package_discovery:discover_packages(recursive) using defaults
[0.468s] Level 1:colcon.colcon_core.package_discovery:discover_packages(ignore) discover
[0.468s] Level 1:colcon.colcon_core.package_discovery:discover_packages(ignore) using defaults
[0.468s] Level 1:colcon.colcon_core.package_discovery:discover_packages(path) discover
[0.468s] Level 1:colcon.colcon_core.package_discovery:discover_packages(path) using defaults
[0.504s] Level 1:colcon.colcon_core.package_discovery:discover_packages(prefix_path) check parameters
[0.504s] Level 1:colcon.colcon_core.package_discovery:discover_packages(prefix_path) discover
[0.524s] DEBUG:colcon.colcon_installed_package_information.package_discovery:Found 345 installed packages in /home/albinev/sorgiva/ros2_humble/install
[0.526s] DEBUG:colcon.colcon_installed_package_information.package_discovery:Found 232 installed packages in /opt/ros/humble
[0.532s] Level 1:colcon.colcon_core.package_discovery:discover_packages(prefix_path) using defaults
[0.576s] Level 5:colcon.colcon_core.verb:set package 'background_removal' build argument 'cmake_args' from command line to 'None'
[0.576s] Level 5:colcon.colcon_core.verb:set package 'background_removal' build argument 'cmake_target' from command line to 'None'
[0.576s] Level 5:colcon.colcon_core.verb:set package 'background_removal' build argument 'cmake_target_skip_unavailable' from command line to 'False'
[0.576s] Level 5:colcon.colcon_core.verb:set package 'background_removal' build argument 'cmake_clean_cache' from command line to 'False'
[0.576s] Level 5:colcon.colcon_core.verb:set package 'background_removal' build argument 'cmake_clean_first' from command line to 'False'
[0.576s] Level 5:colcon.colcon_core.verb:set package 'background_removal' build argument 'cmake_force_configure' from command line to 'False'
[0.576s] Level 5:colcon.colcon_core.verb:set package 'background_removal' build argument 'ament_cmake_args' from command line to 'None'
[0.576s] Level 5:colcon.colcon_core.verb:set package 'background_removal' build argument 'catkin_cmake_args' from command line to 'None'
[0.576s] Level 5:colcon.colcon_core.verb:set package 'background_removal' build argument 'catkin_skip_building_tests' from command line to 'False'
[0.576s] DEBUG:colcon.colcon_core.verb:Building package 'background_removal' with the following arguments: {'ament_cmake_args': None, 'build_base': '/home/albinev/dynamica/dynamica_vision/build/background_removal', 'catkin_cmake_args': None, 'catkin_skip_building_tests': False, 'cmake_args': None, 'cmake_clean_cache': False, 'cmake_clean_first': False, 'cmake_force_configure': False, 'cmake_target': None, 'cmake_target_skip_unavailable': False, 'install_base': '/home/albinev/dynamica/dynamica_vision/install/background_removal', 'merge_install': False, 'path': '/home/albinev/dynamica/dynamica_vision/src/background_removal', 'symlink_install': False, 'test_result_base': None}
[0.576s] Level 5:colcon.colcon_core.verb:set package 'yolov8_msgs' build argument 'cmake_args' from command line to 'None'
[0.576s] Level 5:colcon.colcon_core.verb:set package 'yolov8_msgs' build argument 'cmake_target' from command line to 'None'
[0.577s] Level 5:colcon.colcon_core.verb:set package 'yolov8_msgs' build argument 'cmake_target_skip_unavailable' from command line to 'False'
[0.577s] Level 5:colcon.colcon_core.verb:set package 'yolov8_msgs' build argument 'cmake_clean_cache' from command line to 'False'
[0.577s] Level 5:colcon.colcon_core.verb:set package 'yolov8_msgs' build argument 'cmake_clean_first' from command line to 'False'
[0.577s] Level 5:colcon.colcon_core.verb:set package 'yolov8_msgs' build argument 'cmake_force_configure' from command line to 'False'
[0.577s] Level 5:colcon.colcon_core.verb:set package 'yolov8_msgs' build argument 'ament_cmake_args' from command line to 'None'
[0.577s] Level 5:colcon.colcon_core.verb:set package 'yolov8_msgs' build argument 'catkin_cmake_args' from command line to 'None'
[0.577s] Level 5:colcon.colcon_core.verb:set package 'yolov8_msgs' build argument 'catkin_skip_building_tests' from command line to 'False'
[0.577s] DEBUG:colcon.colcon_core.verb:Building package 'yolov8_msgs' with the following arguments: {'ament_cmake_args': None, 'build_base': '/home/albinev/dynamica/dynamica_vision/build/yolov8_msgs', 'catkin_cmake_args': None, 'catkin_skip_building_tests': False, 'cmake_args': None, 'cmake_clean_cache': False, 'cmake_clean_first': False, 'cmake_force_configure': False, 'cmake_target': None, 'cmake_target_skip_unavailable': False, 'install_base': '/home/albinev/dynamica/dynamica_vision/install/yolov8_msgs', 'merge_install': False, 'path': '/home/albinev/dynamica/dynamica_vision/src/yolov8_ros/yolov8_msgs', 'symlink_install': False, 'test_result_base': None}
[0.577s] Level 5:colcon.colcon_core.verb:set package 'yolov8_ros' build argument 'cmake_args' from command line to 'None'
[0.577s] Level 5:colcon.colcon_core.verb:set package 'yolov8_ros' build argument 'cmake_target' from command line to 'None'
[0.577s] Level 5:colcon.colcon_core.verb:set package 'yolov8_ros' build argument 'cmake_target_skip_unavailable' from command line to 'False'
[0.577s] Level 5:colcon.colcon_core.verb:set package 'yolov8_ros' build argument 'cmake_clean_cache' from command line to 'False'
[0.577s] Level 5:colcon.colcon_core.verb:set package 'yolov8_ros' build argument 'cmake_clean_first' from command line to 'False'
[0.577s] Level 5:colcon.colcon_core.verb:set package 'yolov8_ros' build argument 'cmake_force_configure' from command line to 'False'
[0.577s] Level 5:colcon.colcon_core.verb:set package 'yolov8_ros' build argument 'ament_cmake_args' from command line to 'None'
[0.577s] Level 5:colcon.colcon_core.verb:set package 'yolov8_ros' build argument 'catkin_cmake_args' from command line to 'None'
[0.577s] Level 5:colcon.colcon_core.verb:set package 'yolov8_ros' build argument 'catkin_skip_building_tests' from command line to 'False'
[0.577s] DEBUG:colcon.colcon_core.verb:Building package 'yolov8_ros' with the following arguments: {'ament_cmake_args': None, 'build_base': '/home/albinev/dynamica/dynamica_vision/build/yolov8_ros', 'catkin_cmake_args': None, 'catkin_skip_building_tests': False, 'cmake_args': None, 'cmake_clean_cache': False, 'cmake_clean_first': False, 'cmake_force_configure': False, 'cmake_target': None, 'cmake_target_skip_unavailable': False, 'install_base': '/home/albinev/dynamica/dynamica_vision/install/yolov8_ros', 'merge_install': False, 'path': '/home/albinev/dynamica/dynamica_vision/src/yolov8_ros/yolov8_ros', 'symlink_install': False, 'test_result_base': None}
[0.577s] Level 5:colcon.colcon_core.verb:set package 'yolov8_bringup' build argument 'cmake_args' from command line to 'None'
[0.577s] Level 5:colcon.colcon_core.verb:set package 'yolov8_bringup' build argument 'cmake_target' from command line to 'None'
[0.578s] Level 5:colcon.colcon_core.verb:set package 'yolov8_bringup' build argument 'cmake_target_skip_unavailable' from command line to 'False'
[0.578s] Level 5:colcon.colcon_core.verb:set package 'yolov8_bringup' build argument 'cmake_clean_cache' from command line to 'False'
[0.578s] Level 5:colcon.colcon_core.verb:set package 'yolov8_bringup' build argument 'cmake_clean_first' from command line to 'False'
[0.578s] Level 5:colcon.colcon_core.verb:set package 'yolov8_bringup' build argument 'cmake_force_configure' from command line to 'False'
[0.578s] Level 5:colcon.colcon_core.verb:set package 'yolov8_bringup' build argument 'ament_cmake_args' from command line to 'None'
[0.578s] Level 5:colcon.colcon_core.verb:set package 'yolov8_bringup' build argument 'catkin_cmake_args' from command line to 'None'
[0.578s] Level 5:colcon.colcon_core.verb:set package 'yolov8_bringup' build argument 'catkin_skip_building_tests' from command line to 'False'
[0.578s] DEBUG:colcon.colcon_core.verb:Building package 'yolov8_bringup' with the following arguments: {'ament_cmake_args': None, 'build_base': '/home/albinev/dynamica/dynamica_vision/build/yolov8_bringup', 'catkin_cmake_args': None, 'catkin_skip_building_tests': False, 'cmake_args': None, 'cmake_clean_cache': False, 'cmake_clean_first': False, 'cmake_force_configure': False, 'cmake_target': None, 'cmake_target_skip_unavailable': False, 'install_base': '/home/albinev/dynamica/dynamica_vision/install/yolov8_bringup', 'merge_install': False, 'path': '/home/albinev/dynamica/dynamica_vision/src/yolov8_ros/yolov8_bringup', 'symlink_install': False, 'test_result_base': None}
[0.578s] INFO:colcon.colcon_core.executor:Executing jobs using 'parallel' executor
[0.579s] DEBUG:colcon.colcon_parallel_executor.executor.parallel:run_until_complete
[0.579s] INFO:colcon.colcon_ros.task.ament_python.build:Building ROS package in '/home/albinev/dynamica/dynamica_vision/src/yolov8_ros/yolov8_ros' with build type 'ament_python'
[0.579s] Level 1:colcon.colcon_core.shell:create_environment_hook('yolov8_ros', 'ament_prefix_path')
[0.584s] INFO:colcon.colcon_core.plugin_system:Skipping extension 'colcon_core.shell.bat': Not used on non-Windows systems
[0.584s] INFO:colcon.colcon_core.shell:Creating environment hook '/home/albinev/dynamica/dynamica_vision/install/yolov8_ros/share/yolov8_ros/hook/ament_prefix_path.ps1'
[0.585s] INFO:colcon.colcon_core.shell:Creating environment descriptor '/home/albinev/dynamica/dynamica_vision/install/yolov8_ros/share/yolov8_ros/hook/ament_prefix_path.dsv'
[0.585s] INFO:colcon.colcon_core.shell:Creating environment hook '/home/albinev/dynamica/dynamica_vision/install/yolov8_ros/share/yolov8_ros/hook/ament_prefix_path.sh'
[0.586s] INFO:colcon.colcon_core.shell:Skip shell extension 'powershell' for command environment: Not usable outside of PowerShell
[0.586s] DEBUG:colcon.colcon_core.shell:Skip shell extension 'dsv' for command environment
[0.607s] INFO:colcon.colcon_ros.task.ament_cmake.build:Building ROS package in '/home/albinev/dynamica/dynamica_vision/src/background_removal' with build type 'ament_cmake'
[0.607s] INFO:colcon.colcon_cmake.task.cmake.build:Building CMake package in '/home/albinev/dynamica/dynamica_vision/src/background_removal'
[0.607s] INFO:colcon.colcon_core.shell:Skip shell extension 'powershell' for command environment: Not usable outside of PowerShell
[0.607s] DEBUG:colcon.colcon_core.shell:Skip shell extension 'dsv' for command environment
[0.628s] INFO:colcon.colcon_ros.task.ament_cmake.build:Building ROS package in '/home/albinev/dynamica/dynamica_vision/src/yolov8_ros/yolov8_msgs' with build type 'ament_cmake'
[0.628s] INFO:colcon.colcon_cmake.task.cmake.build:Building CMake package in '/home/albinev/dynamica/dynamica_vision/src/yolov8_ros/yolov8_msgs'
[0.629s] INFO:colcon.colcon_core.shell:Skip shell extension 'powershell' for command environment: Not usable outside of PowerShell
[0.629s] DEBUG:colcon.colcon_core.shell:Skip shell extension 'dsv' for command environment
[1.102s] INFO:colcon.colcon_core.task.python.build:Building Python package in '/home/albinev/dynamica/dynamica_vision/src/yolov8_ros/yolov8_ros'
[1.102s] INFO:colcon.colcon_core.shell:Skip shell extension 'powershell' for command environment: Not usable outside of PowerShell
[1.102s] DEBUG:colcon.colcon_core.shell:Skip shell extension 'dsv' for command environment
[1.126s] DEBUG:colcon.colcon_core.event_handler.log_command:Invoking command in '/home/albinev/dynamica/dynamica_vision/build/background_removal': CMAKE_PREFIX_PATH=${CMAKE_PREFIX_PATH}:/home/albinev/sorgiva/ros2_humble/install/rqt_bag_plugins:/home/albinev/sorgiva/ros2_humble/install/rqt_bag:/home/albinev/sorgiva/ros2_humble/install/ros2bag:/home/albinev/sorgiva/ros2_humble/install/tracetools_test:/home/albinev/sorgiva/ros2_humble/install/tracetools_launch:/home/albinev/sorgiva/ros2_humble/install/topic_monitor:/home/albinev/sorgiva/ros2_humble/install/tf2_tools:/home/albinev/sorgiva/ros2_humble/install/examples_tf2_py:/home/albinev/sorgiva/ros2_humble/install/tf2_ros_py:/home/albinev/sorgiva/ros2_humble/install/sros2:/home/albinev/sorgiva/ros2_humble/install/rqt_topic:/home/albinev/sorgiva/ros2_humble/install/rqt_srv:/home/albinev/sorgiva/ros2_humble/install/rqt_shell:/home/albinev/sorgiva/ros2_humble/install/rqt_service_caller:/home/albinev/sorgiva/ros2_humble/install/rqt_reconfigure:/home/albinev/sorgiva/ros2_humble/install/rqt_py_console:/home/albinev/sorgiva/ros2_humble/install/rqt_publisher:/home/albinev/sorgiva/ros2_humble/install/rqt_plot:/home/albinev/sorgiva/ros2_humble/install/rqt_action:/home/albinev/sorgiva/ros2_humble/install/rqt_msg:/home/albinev/sorgiva/ros2_humble/install/rqt_console:/home/albinev/sorgiva/ros2_humble/install/rqt:/home/albinev/sorgiva/ros2_humble/install/rqt_graph:/home/albinev/sorgiva/ros2_humble/install/rqt_gui_py:/home/albinev/sorgiva/ros2_humble/install/rqt_gui:/home/albinev/sorgiva/ros2_humble/install/ros2trace:/home/albinev/sorgiva/ros2_humble/install/ros2topic:/home/albinev/sorgiva/ros2_humble/install/ros2test:/home/albinev/sorgiva/ros2_humble/install/ros2component:/home/albinev/sorgiva/ros2_humble/install/ros2param:/home/albinev/sorgiva/ros2_humble/install/ros2lifecycle:/home/albinev/sorgiva/ros2_humble/install/ros2service:/home/albinev/sorgiva/ros2_humble/install/ros2run:/home/albinev/sorgiva/ros2_humble/install/ros2launch:/home/albinev/sorgiva/ros2_humble/install/ros2pkg:/home/albinev/sorgiva/ros2_humble/install/ros2node:/home/albinev/sorgiva/ros2_humble/install/ros2multicast:/home/albinev/sorgiva/ros2_humble/install/ros2interface:/home/albinev/sorgiva/ros2_humble/install/ros2doctor:/home/albinev/sorgiva/ros2_humble/install/ros2action:/home/albinev/sorgiva/ros2_humble/install/ros2cli:/home/albinev/sorgiva/ros2_humble/install/quality_of_service_demo_py:/home/albinev/sorgiva/ros2_humble/install/lifecycle_py:/home/albinev/sorgiva/ros2_humble/install/launch_testing_ros:/home/albinev/sorgiva/ros2_humble/install/launch_ros:/home/albinev/sorgiva/ros2_humble/install/examples_rclpy_pointcloud_publisher:/home/albinev/sorgiva/ros2_humble/install/examples_rclpy_minimal_subscriber:/home/albinev/sorgiva/ros2_humble/install/examples_rclpy_minimal_service:/home/albinev/sorgiva/ros2_humble/install/examples_rclpy_minimal_publisher:/home/albinev/sorgiva/ros2_humble/install/examples_rclpy_minimal_client:/home/albinev/sorgiva/ros2_humble/install/examples_rclpy_minimal_action_server:/home/albinev/sorgiva/ros2_humble/install/examples_rclpy_minimal_action_client:/home/albinev/sorgiva/ros2_humble/install/examples_rclpy_guard_conditions:/home/albinev/sorgiva/ros2_humble/install/examples_rclpy_executors:/home/albinev/sorgiva/ros2_humble/install/demo_nodes_py:/home/albinev/sorgiva/ros2_humble/install/action_tutorials_py:/home/albinev/sorgiva/ros2_humble/install/ament_uncrustify:/home/albinev/sorgiva/ros2_humble/install/tracetools_trace:/home/albinev/sorgiva/ros2_humble/install/tracetools_read:/home/albinev/sorgiva/ros2_humble/install/test_tracetools_launch:/home/albinev/sorgiva/ros2_humble/install/test_launch_ros:/home/albinev/sorgiva/ros2_humble/install/sensor_msgs_py:/home/albinev/sorgiva/ros2_humble/install/rpyutils:/home/albinev/sorgiva/ros2_humble/install/rosidl_runtime_py:/home/albinev/sorgiva/ros2_humble/install/rosidl_cli:/home/albinev/sorgiva/ros2_humble/install/launch_pytest:/home/albinev/sorgiva/ros2_humble/install/launch_testing:/home/albinev/sorgiva/ros2_humble/install/launch_yaml:/home/albinev/sorgiva/ros2_humble/install/launch_xml:/home/albinev/sorgiva/ros2_humble/install/launch:/home/albinev/sorgiva/ros2_humble/install/osrf_pycommon:/home/albinev/sorgiva/ros2_humble/install/launch_testing_examples:/home/albinev/sorgiva/ros2_humble/install/domain_coordinator:/home/albinev/sorgiva/ros2_humble/install/ament_xmllint:/home/albinev/sorgiva/ros2_humble/install/ament_pyflakes:/home/albinev/sorgiva/ros2_humble/install/ament_pycodestyle:/home/albinev/sorgiva/ros2_humble/install/ament_pep257:/home/albinev/sorgiva/ros2_humble/install/ament_pclint:/home/albinev/sorgiva/ros2_humble/install/ament_package:/home/albinev/sorgiva/ros2_humble/install/ament_mypy:/home/albinev/sorgiva/ros2_humble/install/ament_lint_cmake:/home/albinev/sorgiva/ros2_humble/install/ament_flake8:/home/albinev/sorgiva/ros2_humble/install/ament_copyright:/home/albinev/sorgiva/ros2_humble/install/ament_lint:/home/albinev/sorgiva/ros2_humble/install/ament_index_python:/home/albinev/sorgiva/ros2_humble/install/ament_cpplint:/home/albinev/sorgiva/ros2_humble/install/ament_cppcheck:/home/albinev/sorgiva/ros2_humble/install/ament_clang_tidy:/home/albinev/sorgiva/ros2_humble/install/ament_clang_format:/opt/ros/humble /usr/bin/cmake /home/albinev/dynamica/dynamica_vision/src/background_removal -DCMAKE_INSTALL_PREFIX=/home/albinev/dynamica/dynamica_vision/install/background_removal
[1.137s] DEBUG:colcon.colcon_core.event_handler.log_command:Invoking command in '/home/albinev/dynamica/dynamica_vision/build/yolov8_msgs': CMAKE_PREFIX_PATH=${CMAKE_PREFIX_PATH}:/home/albinev/sorgiva/ros2_humble/install/rqt_bag_plugins:/home/albinev/sorgiva/ros2_humble/install/rqt_bag:/home/albinev/sorgiva/ros2_humble/install/ros2bag:/home/albinev/sorgiva/ros2_humble/install/tracetools_test:/home/albinev/sorgiva/ros2_humble/install/tracetools_launch:/home/albinev/sorgiva/ros2_humble/install/topic_monitor:/home/albinev/sorgiva/ros2_humble/install/tf2_tools:/home/albinev/sorgiva/ros2_humble/install/examples_tf2_py:/home/albinev/sorgiva/ros2_humble/install/tf2_ros_py:/home/albinev/sorgiva/ros2_humble/install/sros2:/home/albinev/sorgiva/ros2_humble/install/rqt_topic:/home/albinev/sorgiva/ros2_humble/install/rqt_srv:/home/albinev/sorgiva/ros2_humble/install/rqt_shell:/home/albinev/sorgiva/ros2_humble/install/rqt_service_caller:/home/albinev/sorgiva/ros2_humble/install/rqt_reconfigure:/home/albinev/sorgiva/ros2_humble/install/rqt_py_console:/home/albinev/sorgiva/ros2_humble/install/rqt_publisher:/home/albinev/sorgiva/ros2_humble/install/rqt_plot:/home/albinev/sorgiva/ros2_humble/install/rqt_action:/home/albinev/sorgiva/ros2_humble/install/rqt_msg:/home/albinev/sorgiva/ros2_humble/install/rqt_console:/home/albinev/sorgiva/ros2_humble/install/rqt:/home/albinev/sorgiva/ros2_humble/install/rqt_graph:/home/albinev/sorgiva/ros2_humble/install/rqt_gui_py:/home/albinev/sorgiva/ros2_humble/install/rqt_gui:/home/albinev/sorgiva/ros2_humble/install/ros2trace:/home/albinev/sorgiva/ros2_humble/install/ros2topic:/home/albinev/sorgiva/ros2_humble/install/ros2test:/home/albinev/sorgiva/ros2_humble/install/ros2component:/home/albinev/sorgiva/ros2_humble/install/ros2param:/home/albinev/sorgiva/ros2_humble/install/ros2lifecycle:/home/albinev/sorgiva/ros2_humble/install/ros2service:/home/albinev/sorgiva/ros2_humble/install/ros2run:/home/albinev/sorgiva/ros2_humble/install/ros2launch:/home/albinev/sorgiva/ros2_humble/install/ros2pkg:/home/albinev/sorgiva/ros2_humble/install/ros2node:/home/albinev/sorgiva/ros2_humble/install/ros2multicast:/home/albinev/sorgiva/ros2_humble/install/ros2interface:/home/albinev/sorgiva/ros2_humble/install/ros2doctor:/home/albinev/sorgiva/ros2_humble/install/ros2action:/home/albinev/sorgiva/ros2_humble/install/ros2cli:/home/albinev/sorgiva/ros2_humble/install/quality_of_service_demo_py:/home/albinev/sorgiva/ros2_humble/install/lifecycle_py:/home/albinev/sorgiva/ros2_humble/install/launch_testing_ros:/home/albinev/sorgiva/ros2_humble/install/launch_ros:/home/albinev/sorgiva/ros2_humble/install/examples_rclpy_pointcloud_publisher:/home/albinev/sorgiva/ros2_humble/install/examples_rclpy_minimal_subscriber:/home/albinev/sorgiva/ros2_humble/install/examples_rclpy_minimal_service:/home/albinev/sorgiva/ros2_humble/install/examples_rclpy_minimal_publisher:/home/albinev/sorgiva/ros2_humble/install/examples_rclpy_minimal_client:/home/albinev/sorgiva/ros2_humble/install/examples_rclpy_minimal_action_server:/home/albinev/sorgiva/ros2_humble/install/examples_rclpy_minimal_action_client:/home/albinev/sorgiva/ros2_humble/install/examples_rclpy_guard_conditions:/home/albinev/sorgiva/ros2_humble/install/examples_rclpy_executors:/home/albinev/sorgiva/ros2_humble/install/demo_nodes_py:/home/albinev/sorgiva/ros2_humble/install/action_tutorials_py:/home/albinev/sorgiva/ros2_humble/install/ament_uncrustify:/home/albinev/sorgiva/ros2_humble/install/tracetools_trace:/home/albinev/sorgiva/ros2_humble/install/tracetools_read:/home/albinev/sorgiva/ros2_humble/install/test_tracetools_launch:/home/albinev/sorgiva/ros2_humble/install/test_launch_ros:/home/albinev/sorgiva/ros2_humble/install/sensor_msgs_py:/home/albinev/sorgiva/ros2_humble/install/rpyutils:/home/albinev/sorgiva/ros2_humble/install/rosidl_runtime_py:/home/albinev/sorgiva/ros2_humble/install/rosidl_cli:/home/albinev/sorgiva/ros2_humble/install/launch_pytest:/home/albinev/sorgiva/ros2_humble/install/launch_testing:/home/albinev/sorgiva/ros2_humble/install/launch_yaml:/home/albinev/sorgiva/ros2_humble/install/launch_xml:/home/albinev/sorgiva/ros2_humble/install/launch:/home/albinev/sorgiva/ros2_humble/install/osrf_pycommon:/home/albinev/sorgiva/ros2_humble/install/launch_testing_examples:/home/albinev/sorgiva/ros2_humble/install/domain_coordinator:/home/albinev/sorgiva/ros2_humble/install/ament_xmllint:/home/albinev/sorgiva/ros2_humble/install/ament_pyflakes:/home/albinev/sorgiva/ros2_humble/install/ament_pycodestyle:/home/albinev/sorgiva/ros2_humble/install/ament_pep257:/home/albinev/sorgiva/ros2_humble/install/ament_pclint:/home/albinev/sorgiva/ros2_humble/install/ament_package:/home/albinev/sorgiva/ros2_humble/install/ament_mypy:/home/albinev/sorgiva/ros2_humble/install/ament_lint_cmake:/home/albinev/sorgiva/ros2_humble/install/ament_flake8:/home/albinev/sorgiva/ros2_humble/install/ament_copyright:/home/albinev/sorgiva/ros2_humble/install/ament_lint:/home/albinev/sorgiva/ros2_humble/install/ament_index_python:/home/albinev/sorgiva/ros2_humble/install/ament_cpplint:/home/albinev/sorgiva/ros2_humble/install/ament_cppcheck:/home/albinev/sorgiva/ros2_humble/install/ament_clang_tidy:/home/albinev/sorgiva/ros2_humble/install/ament_clang_format:/opt/ros/humble /usr/bin/cmake /home/albinev/dynamica/dynamica_vision/src/yolov8_ros/yolov8_msgs -DCMAKE_INSTALL_PREFIX=/home/albinev/dynamica/dynamica_vision/install/yolov8_msgs
[1.792s] DEBUG:colcon.colcon_core.event_handler.log_command:Invoking command in '/home/albinev/dynamica/dynamica_vision/src/yolov8_ros/yolov8_ros': PYTHONPATH=/home/albinev/dynamica/dynamica_vision/build/yolov8_ros/prefix_override:/home/albinev/dynamica/dynamica_vision/install/yolov8_ros/lib/python3.10/site-packages:${PYTHONPATH} /usr/bin/python3 -W ignore:setup.py install is deprecated setup.py egg_info --egg-base ../../../build/yolov8_ros build --build-base /home/albinev/dynamica/dynamica_vision/build/yolov8_ros/build install --record /home/albinev/dynamica/dynamica_vision/build/yolov8_ros/install.log --single-version-externally-managed install_data
[2.308s] DEBUG:colcon.colcon_core.event_handler.log_command:Invoked command in '/home/albinev/dynamica/dynamica_vision/src/yolov8_ros/yolov8_ros' returned '0': PYTHONPATH=/home/albinev/dynamica/dynamica_vision/build/yolov8_ros/prefix_override:/home/albinev/dynamica/dynamica_vision/install/yolov8_ros/lib/python3.10/site-packages:${PYTHONPATH} /usr/bin/python3 -W ignore:setup.py install is deprecated setup.py egg_info --egg-base ../../../build/yolov8_ros build --build-base /home/albinev/dynamica/dynamica_vision/build/yolov8_ros/build install --record /home/albinev/dynamica/dynamica_vision/build/yolov8_ros/install.log --single-version-externally-managed install_data
[2.313s] Level 1:colcon.colcon_core.environment:checking '/home/albinev/dynamica/dynamica_vision/install/yolov8_ros' for CMake module files
[2.314s] Level 1:colcon.colcon_core.environment:checking '/home/albinev/dynamica/dynamica_vision/install/yolov8_ros' for CMake config files
[2.314s] Level 1:colcon.colcon_core.environment:checking '/home/albinev/dynamica/dynamica_vision/install/yolov8_ros/lib'
[2.314s] Level 1:colcon.colcon_core.environment:checking '/home/albinev/dynamica/dynamica_vision/install/yolov8_ros/bin'
[2.314s] Level 1:colcon.colcon_core.environment:checking '/home/albinev/dynamica/dynamica_vision/install/yolov8_ros/lib/pkgconfig/yolov8_ros.pc'
[2.315s] Level 1:colcon.colcon_core.environment:checking '/home/albinev/dynamica/dynamica_vision/install/yolov8_ros/lib/python3.10/site-packages'
[2.315s] Level 1:colcon.colcon_core.shell:create_environment_hook('yolov8_ros', 'pythonpath')
[2.315s] INFO:colcon.colcon_core.shell:Creating environment hook '/home/albinev/dynamica/dynamica_vision/install/yolov8_ros/share/yolov8_ros/hook/pythonpath.ps1'
[2.315s] INFO:colcon.colcon_core.shell:Creating environment descriptor '/home/albinev/dynamica/dynamica_vision/install/yolov8_ros/share/yolov8_ros/hook/pythonpath.dsv'
[2.315s] INFO:colcon.colcon_core.shell:Creating environment hook '/home/albinev/dynamica/dynamica_vision/install/yolov8_ros/share/yolov8_ros/hook/pythonpath.sh'
[2.316s] Level 1:colcon.colcon_core.environment:checking '/home/albinev/dynamica/dynamica_vision/install/yolov8_ros/bin'
[2.316s] Level 1:colcon.colcon_core.environment:create_environment_scripts_only(yolov8_ros)
[2.316s] INFO:colcon.colcon_core.shell:Creating package script '/home/albinev/dynamica/dynamica_vision/install/yolov8_ros/share/yolov8_ros/package.ps1'
[2.317s] INFO:colcon.colcon_core.shell:Creating package descriptor '/home/albinev/dynamica/dynamica_vision/install/yolov8_ros/share/yolov8_ros/package.dsv'
[2.317s] INFO:colcon.colcon_core.shell:Creating package script '/home/albinev/dynamica/dynamica_vision/install/yolov8_ros/share/yolov8_ros/package.sh'
[2.317s] INFO:colcon.colcon_core.shell:Creating package script '/home/albinev/dynamica/dynamica_vision/install/yolov8_ros/share/yolov8_ros/package.bash'
[2.318s] INFO:colcon.colcon_core.shell:Creating package script '/home/albinev/dynamica/dynamica_vision/install/yolov8_ros/share/yolov8_ros/package.zsh'
[2.318s] Level 1:colcon.colcon_core.environment:create_file_with_runtime_dependencies(/home/albinev/dynamica/dynamica_vision/install/yolov8_ros/share/colcon-core/packages/yolov8_ros)
[2.319s] INFO:colcon.colcon_ros.task.ament_cmake.build:Building ROS package in '/home/albinev/dynamica/dynamica_vision/src/yolov8_ros/yolov8_bringup' with build type 'ament_cmake'
[2.319s] INFO:colcon.colcon_cmake.task.cmake.build:Building CMake package in '/home/albinev/dynamica/dynamica_vision/src/yolov8_ros/yolov8_bringup'
[2.319s] INFO:colcon.colcon_core.shell:Skip shell extension 'powershell' for command environment: Not usable outside of PowerShell
[2.319s] DEBUG:colcon.colcon_core.shell:Skip shell extension 'dsv' for command environment
[2.360s] DEBUG:colcon.colcon_core.event_handler.log_command:Invoking command in '/home/albinev/dynamica/dynamica_vision/build/yolov8_bringup': AMENT_PREFIX_PATH=/home/albinev/dynamica/dynamica_vision/install/yolov8_ros:${AMENT_PREFIX_PATH} CMAKE_PREFIX_PATH=${CMAKE_PREFIX_PATH}:/home/albinev/sorgiva/ros2_humble/install/rqt_bag_plugins:/home/albinev/sorgiva/ros2_humble/install/rqt_bag:/home/albinev/sorgiva/ros2_humble/install/ros2bag:/home/albinev/sorgiva/ros2_humble/install/tracetools_test:/home/albinev/sorgiva/ros2_humble/install/tracetools_launch:/home/albinev/sorgiva/ros2_humble/install/topic_monitor:/home/albinev/sorgiva/ros2_humble/install/tf2_tools:/home/albinev/sorgiva/ros2_humble/install/examples_tf2_py:/home/albinev/sorgiva/ros2_humble/install/tf2_ros_py:/home/albinev/sorgiva/ros2_humble/install/sros2:/home/albinev/sorgiva/ros2_humble/install/rqt_topic:/home/albinev/sorgiva/ros2_humble/install/rqt_srv:/home/albinev/sorgiva/ros2_humble/install/rqt_shell:/home/albinev/sorgiva/ros2_humble/install/rqt_service_caller:/home/albinev/sorgiva/ros2_humble/install/rqt_reconfigure:/home/albinev/sorgiva/ros2_humble/install/rqt_py_console:/home/albinev/sorgiva/ros2_humble/install/rqt_publisher:/home/albinev/sorgiva/ros2_humble/install/rqt_plot:/home/albinev/sorgiva/ros2_humble/install/rqt_action:/home/albinev/sorgiva/ros2_humble/install/rqt_msg:/home/albinev/sorgiva/ros2_humble/install/rqt_console:/home/albinev/sorgiva/ros2_humble/install/rqt:/home/albinev/sorgiva/ros2_humble/install/rqt_graph:/home/albinev/sorgiva/ros2_humble/install/rqt_gui_py:/home/albinev/sorgiva/ros2_humble/install/rqt_gui:/home/albinev/sorgiva/ros2_humble/install/ros2trace:/home/albinev/sorgiva/ros2_humble/install/ros2topic:/home/albinev/sorgiva/ros2_humble/install/ros2test:/home/albinev/sorgiva/ros2_humble/install/ros2component:/home/albinev/sorgiva/ros2_humble/install/ros2param:/home/albinev/sorgiva/ros2_humble/install/ros2lifecycle:/home/albinev/sorgiva/ros2_humble/install/ros2service:/home/albinev/sorgiva/ros2_humble/install/ros2run:/home/albinev/sorgiva/ros2_humble/install/ros2launch:/home/albinev/sorgiva/ros2_humble/install/ros2pkg:/home/albinev/sorgiva/ros2_humble/install/ros2node:/home/albinev/sorgiva/ros2_humble/install/ros2multicast:/home/albinev/sorgiva/ros2_humble/install/ros2interface:/home/albinev/sorgiva/ros2_humble/install/ros2doctor:/home/albinev/sorgiva/ros2_humble/install/ros2action:/home/albinev/sorgiva/ros2_humble/install/ros2cli:/home/albinev/sorgiva/ros2_humble/install/quality_of_service_demo_py:/home/albinev/sorgiva/ros2_humble/install/lifecycle_py:/home/albinev/sorgiva/ros2_humble/install/launch_testing_ros:/home/albinev/sorgiva/ros2_humble/install/launch_ros:/home/albinev/sorgiva/ros2_humble/install/examples_rclpy_pointcloud_publisher:/home/albinev/sorgiva/ros2_humble/install/examples_rclpy_minimal_subscriber:/home/albinev/sorgiva/ros2_humble/install/examples_rclpy_minimal_service:/home/albinev/sorgiva/ros2_humble/install/examples_rclpy_minimal_publisher:/home/albinev/sorgiva/ros2_humble/install/examples_rclpy_minimal_client:/home/albinev/sorgiva/ros2_humble/install/examples_rclpy_minimal_action_server:/home/albinev/sorgiva/ros2_humble/install/examples_rclpy_minimal_action_client:/home/albinev/sorgiva/ros2_humble/install/examples_rclpy_guard_conditions:/home/albinev/sorgiva/ros2_humble/install/examples_rclpy_executors:/home/albinev/sorgiva/ros2_humble/install/demo_nodes_py:/home/albinev/sorgiva/ros2_humble/install/action_tutorials_py:/home/albinev/sorgiva/ros2_humble/install/ament_uncrustify:/home/albinev/sorgiva/ros2_humble/install/tracetools_trace:/home/albinev/sorgiva/ros2_humble/install/tracetools_read:/home/albinev/sorgiva/ros2_humble/install/test_tracetools_launch:/home/albinev/sorgiva/ros2_humble/install/test_launch_ros:/home/albinev/sorgiva/ros2_humble/install/sensor_msgs_py:/home/albinev/sorgiva/ros2_humble/install/rpyutils:/home/albinev/sorgiva/ros2_humble/install/rosidl_runtime_py:/home/albinev/sorgiva/ros2_humble/install/rosidl_cli:/home/albinev/sorgiva/ros2_humble/install/launch_pytest:/home/albinev/sorgiva/ros2_humble/install/launch_testing:/home/albinev/sorgiva/ros2_humble/install/launch_yaml:/home/albinev/sorgiva/ros2_humble/install/launch_xml:/home/albinev/sorgiva/ros2_humble/install/launch:/home/albinev/sorgiva/ros2_humble/install/osrf_pycommon:/home/albinev/sorgiva/ros2_humble/install/launch_testing_examples:/home/albinev/sorgiva/ros2_humble/install/domain_coordinator:/home/albinev/sorgiva/ros2_humble/install/ament_xmllint:/home/albinev/sorgiva/ros2_humble/install/ament_pyflakes:/home/albinev/sorgiva/ros2_humble/install/ament_pycodestyle:/home/albinev/sorgiva/ros2_humble/install/ament_pep257:/home/albinev/sorgiva/ros2_humble/install/ament_pclint:/home/albinev/sorgiva/ros2_humble/install/ament_package:/home/albinev/sorgiva/ros2_humble/install/ament_mypy:/home/albinev/sorgiva/ros2_humble/install/ament_lint_cmake:/home/albinev/sorgiva/ros2_humble/install/ament_flake8:/home/albinev/sorgiva/ros2_humble/install/ament_copyright:/home/albinev/sorgiva/ros2_humble/install/ament_lint:/home/albinev/sorgiva/ros2_humble/install/ament_index_python:/home/albinev/sorgiva/ros2_humble/install/ament_cpplint:/home/albinev/sorgiva/ros2_humble/install/ament_cppcheck:/home/albinev/sorgiva/ros2_humble/install/ament_clang_tidy:/home/albinev/sorgiva/ros2_humble/install/ament_clang_format:/opt/ros/humble PYTHONPATH=/home/albinev/dynamica/dynamica_vision/install/yolov8_ros/lib/python3.10/site-packages:${PYTHONPATH} /usr/bin/cmake /home/albinev/dynamica/dynamica_vision/src/yolov8_ros/yolov8_bringup -DCMAKE_INSTALL_PREFIX=/home/albinev/dynamica/dynamica_vision/install/yolov8_bringup
[2.857s] DEBUG:colcon.colcon_core.event_handler.log_command:Invoked command in '/home/albinev/dynamica/dynamica_vision/build/background_removal' returned '1': CMAKE_PREFIX_PATH=${CMAKE_PREFIX_PATH}:/home/albinev/sorgiva/ros2_humble/install/rqt_bag_plugins:/home/albinev/sorgiva/ros2_humble/install/rqt_bag:/home/albinev/sorgiva/ros2_humble/install/ros2bag:/home/albinev/sorgiva/ros2_humble/install/tracetools_test:/home/albinev/sorgiva/ros2_humble/install/tracetools_launch:/home/albinev/sorgiva/ros2_humble/install/topic_monitor:/home/albinev/sorgiva/ros2_humble/install/tf2_tools:/home/albinev/sorgiva/ros2_humble/install/examples_tf2_py:/home/albinev/sorgiva/ros2_humble/install/tf2_ros_py:/home/albinev/sorgiva/ros2_humble/install/sros2:/home/albinev/sorgiva/ros2_humble/install/rqt_topic:/home/albinev/sorgiva/ros2_humble/install/rqt_srv:/home/albinev/sorgiva/ros2_humble/install/rqt_shell:/home/albinev/sorgiva/ros2_humble/install/rqt_service_caller:/home/albinev/sorgiva/ros2_humble/install/rqt_reconfigure:/home/albinev/sorgiva/ros2_humble/install/rqt_py_console:/home/albinev/sorgiva/ros2_humble/install/rqt_publisher:/home/albinev/sorgiva/ros2_humble/install/rqt_plot:/home/albinev/sorgiva/ros2_humble/install/rqt_action:/home/albinev/sorgiva/ros2_humble/install/rqt_msg:/home/albinev/sorgiva/ros2_humble/install/rqt_console:/home/albinev/sorgiva/ros2_humble/install/rqt:/home/albinev/sorgiva/ros2_humble/install/rqt_graph:/home/albinev/sorgiva/ros2_humble/install/rqt_gui_py:/home/albinev/sorgiva/ros2_humble/install/rqt_gui:/home/albinev/sorgiva/ros2_humble/install/ros2trace:/home/albinev/sorgiva/ros2_humble/install/ros2topic:/home/albinev/sorgiva/ros2_humble/install/ros2test:/home/albinev/sorgiva/ros2_humble/install/ros2component:/home/albinev/sorgiva/ros2_humble/install/ros2param:/home/albinev/sorgiva/ros2_humble/install/ros2lifecycle:/home/albinev/sorgiva/ros2_humble/install/ros2service:/home/albinev/sorgiva/ros2_humble/install/ros2run:/home/albinev/sorgiva/ros2_humble/install/ros2launch:/home/albinev/sorgiva/ros2_humble/install/ros2pkg:/home/albinev/sorgiva/ros2_humble/install/ros2node:/home/albinev/sorgiva/ros2_humble/install/ros2multicast:/home/albinev/sorgiva/ros2_humble/install/ros2interface:/home/albinev/sorgiva/ros2_humble/install/ros2doctor:/home/albinev/sorgiva/ros2_humble/install/ros2action:/home/albinev/sorgiva/ros2_humble/install/ros2cli:/home/albinev/sorgiva/ros2_humble/install/quality_of_service_demo_py:/home/albinev/sorgiva/ros2_humble/install/lifecycle_py:/home/albinev/sorgiva/ros2_humble/install/launch_testing_ros:/home/albinev/sorgiva/ros2_humble/install/launch_ros:/home/albinev/sorgiva/ros2_humble/install/examples_rclpy_pointcloud_publisher:/home/albinev/sorgiva/ros2_humble/install/examples_rclpy_minimal_subscriber:/home/albinev/sorgiva/ros2_humble/install/examples_rclpy_minimal_service:/home/albinev/sorgiva/ros2_humble/install/examples_rclpy_minimal_publisher:/home/albinev/sorgiva/ros2_humble/install/examples_rclpy_minimal_client:/home/albinev/sorgiva/ros2_humble/install/examples_rclpy_minimal_action_server:/home/albinev/sorgiva/ros2_humble/install/examples_rclpy_minimal_action_client:/home/albinev/sorgiva/ros2_humble/install/examples_rclpy_guard_conditions:/home/albinev/sorgiva/ros2_humble/install/examples_rclpy_executors:/home/albinev/sorgiva/ros2_humble/install/demo_nodes_py:/home/albinev/sorgiva/ros2_humble/install/action_tutorials_py:/home/albinev/sorgiva/ros2_humble/install/ament_uncrustify:/home/albinev/sorgiva/ros2_humble/install/tracetools_trace:/home/albinev/sorgiva/ros2_humble/install/tracetools_read:/home/albinev/sorgiva/ros2_humble/install/test_tracetools_launch:/home/albinev/sorgiva/ros2_humble/install/test_launch_ros:/home/albinev/sorgiva/ros2_humble/install/sensor_msgs_py:/home/albinev/sorgiva/ros2_humble/install/rpyutils:/home/albinev/sorgiva/ros2_humble/install/rosidl_runtime_py:/home/albinev/sorgiva/ros2_humble/install/rosidl_cli:/home/albinev/sorgiva/ros2_humble/install/launch_pytest:/home/albinev/sorgiva/ros2_humble/install/launch_testing:/home/albinev/sorgiva/ros2_humble/install/launch_yaml:/home/albinev/sorgiva/ros2_humble/install/launch_xml:/home/albinev/sorgiva/ros2_humble/install/launch:/home/albinev/sorgiva/ros2_humble/install/osrf_pycommon:/home/albinev/sorgiva/ros2_humble/install/launch_testing_examples:/home/albinev/sorgiva/ros2_humble/install/domain_coordinator:/home/albinev/sorgiva/ros2_humble/install/ament_xmllint:/home/albinev/sorgiva/ros2_humble/install/ament_pyflakes:/home/albinev/sorgiva/ros2_humble/install/ament_pycodestyle:/home/albinev/sorgiva/ros2_humble/install/ament_pep257:/home/albinev/sorgiva/ros2_humble/install/ament_pclint:/home/albinev/sorgiva/ros2_humble/install/ament_package:/home/albinev/sorgiva/ros2_humble/install/ament_mypy:/home/albinev/sorgiva/ros2_humble/install/ament_lint_cmake:/home/albinev/sorgiva/ros2_humble/install/ament_flake8:/home/albinev/sorgiva/ros2_humble/install/ament_copyright:/home/albinev/sorgiva/ros2_humble/install/ament_lint:/home/albinev/sorgiva/ros2_humble/install/ament_index_python:/home/albinev/sorgiva/ros2_humble/install/ament_cpplint:/home/albinev/sorgiva/ros2_humble/install/ament_cppcheck:/home/albinev/sorgiva/ros2_humble/install/ament_clang_tidy:/home/albinev/sorgiva/ros2_humble/install/ament_clang_format:/opt/ros/humble /usr/bin/cmake /home/albinev/dynamica/dynamica_vision/src/background_removal -DCMAKE_INSTALL_PREFIX=/home/albinev/dynamica/dynamica_vision/install/background_removal
[2.886s] Level 1:colcon.colcon_core.environment:create_environment_scripts_only(background_removal)
[2.886s] Level 1:colcon.colcon_core.environment:checking '/home/albinev/dynamica/dynamica_vision/install/background_removal' for CMake module files
[2.886s] Level 1:colcon.colcon_core.environment:checking '/home/albinev/dynamica/dynamica_vision/install/background_removal' for CMake config files
[2.887s] Level 1:colcon.colcon_core.environment:checking '/home/albinev/dynamica/dynamica_vision/install/background_removal/bin'
[2.887s] Level 1:colcon.colcon_core.environment:checking '/home/albinev/dynamica/dynamica_vision/install/background_removal/lib/pkgconfig/background_removal.pc'
[2.887s] Level 1:colcon.colcon_core.environment:checking '/home/albinev/dynamica/dynamica_vision/install/background_removal/lib/python3.10/site-packages'
[2.887s] Level 1:colcon.colcon_core.environment:checking '/home/albinev/dynamica/dynamica_vision/install/background_removal/bin'
[2.887s] INFO:colcon.colcon_core.shell:Creating package script '/home/albinev/dynamica/dynamica_vision/install/background_removal/share/background_removal/package.ps1'
[2.887s] INFO:colcon.colcon_core.shell:Creating package descriptor '/home/albinev/dynamica/dynamica_vision/install/background_removal/share/background_removal/package.dsv'
[2.888s] INFO:colcon.colcon_core.shell:Creating package script '/home/albinev/dynamica/dynamica_vision/install/background_removal/share/background_removal/package.sh'
[2.888s] INFO:colcon.colcon_core.shell:Creating package script '/home/albinev/dynamica/dynamica_vision/install/background_removal/share/background_removal/package.bash'
[2.888s] INFO:colcon.colcon_core.shell:Creating package script '/home/albinev/dynamica/dynamica_vision/install/background_removal/share/background_removal/package.zsh'
[2.889s] Level 1:colcon.colcon_core.environment:create_file_with_runtime_dependencies(/home/albinev/dynamica/dynamica_vision/install/background_removal/share/colcon-core/packages/background_removal)
[6.496s] DEBUG:colcon.colcon_parallel_executor.executor.parallel:closing loop
[6.496s] DEBUG:colcon.colcon_parallel_executor.executor.parallel:loop closed
[6.496s] DEBUG:colcon.colcon_parallel_executor.executor.parallel:run_until_complete finished with '1'
[6.496s] DEBUG:colcon.colcon_core.event_reactor:joining thread
[6.509s] INFO:colcon.colcon_core.plugin_system:Skipping extension 'colcon_notification.desktop_notification.terminal_notifier': Not used on non-Darwin systems
[6.509s] INFO:colcon.colcon_core.plugin_system:Skipping extension 'colcon_notification.desktop_notification.win32': Not used on non-Windows systems
[6.509s] INFO:colcon.colcon_notification.desktop_notification:Sending desktop notification using 'notify2'
[6.519s] DEBUG:colcon.colcon_core.event_reactor:joined thread
[6.519s] INFO:colcon.colcon_core.shell:Creating prefix script '/home/albinev/dynamica/dynamica_vision/install/local_setup.ps1'
[6.520s] INFO:colcon.colcon_core.shell:Creating prefix util module '/home/albinev/dynamica/dynamica_vision/install/_local_setup_util_ps1.py'
[6.521s] INFO:colcon.colcon_core.shell:Creating prefix chain script '/home/albinev/dynamica/dynamica_vision/install/setup.ps1'
[6.533s] INFO:colcon.colcon_core.shell:Creating prefix script '/home/albinev/dynamica/dynamica_vision/install/local_setup.sh'
[6.533s] INFO:colcon.colcon_core.shell:Creating prefix util module '/home/albinev/dynamica/dynamica_vision/install/_local_setup_util_sh.py'
[6.533s] INFO:colcon.colcon_core.shell:Creating prefix chain script '/home/albinev/dynamica/dynamica_vision/install/setup.sh'
[6.545s] INFO:colcon.colcon_core.shell:Creating prefix script '/home/albinev/dynamica/dynamica_vision/install/local_setup.bash'
[6.546s] INFO:colcon.colcon_core.shell:Creating prefix chain script '/home/albinev/dynamica/dynamica_vision/install/setup.bash'
[6.557s] INFO:colcon.colcon_core.shell:Creating prefix script '/home/albinev/dynamica/dynamica_vision/install/local_setup.zsh'
[6.558s] INFO:colcon.colcon_core.shell:Creating prefix chain script '/home/albinev/dynamica/dynamica_vision/install/setup.zsh'
