[1.212s] Invoking command in '/home/albinev/dynamica/dynamica_vision/src/yolov8_ros/yolov8_ros': PYTHONPATH=/home/albinev/dynamica/dynamica_vision/build/yolov8_ros/prefix_override:/home/albinev/dynamica/dynamica_vision/install/yolov8_ros/lib/python3.10/site-packages:${PYTHONPATH} /usr/bin/python3 -W ignore:setup.py install is deprecated setup.py egg_info --egg-base ../../../build/yolov8_ros build --build-base /home/albinev/dynamica/dynamica_vision/build/yolov8_ros/build install --record /home/albinev/dynamica/dynamica_vision/build/yolov8_ros/install.log --single-version-externally-managed install_data
[1.655s] running egg_info
[1.655s] creating ../../../build/yolov8_ros/yolov8_ros.egg-info
[1.656s] writing ../../../build/yolov8_ros/yolov8_ros.egg-info/PKG-INFO
[1.656s] writing dependency_links to ../../../build/yolov8_ros/yolov8_ros.egg-info/dependency_links.txt
[1.656s] writing entry points to ../../../build/yolov8_ros/yolov8_ros.egg-info/entry_points.txt
[1.656s] writing requirements to ../../../build/yolov8_ros/yolov8_ros.egg-info/requires.txt
[1.656s] writing top-level names to ../../../build/yolov8_ros/yolov8_ros.egg-info/top_level.txt
[1.656s] writing manifest file '../../../build/yolov8_ros/yolov8_ros.egg-info/SOURCES.txt'
[1.658s] reading manifest file '../../../build/yolov8_ros/yolov8_ros.egg-info/SOURCES.txt'
[1.658s] writing manifest file '../../../build/yolov8_ros/yolov8_ros.egg-info/SOURCES.txt'
[1.658s] running build
[1.658s] running build_py
[1.658s] creating /home/albinev/dynamica/dynamica_vision/build/yolov8_ros/build
[1.658s] creating /home/albinev/dynamica/dynamica_vision/build/yolov8_ros/build/lib
[1.659s] creating /home/albinev/dynamica/dynamica_vision/build/yolov8_ros/build/lib/yolov8_ros
[1.659s] copying yolov8_ros/debug_node.py -> /home/albinev/dynamica/dynamica_vision/build/yolov8_ros/build/lib/yolov8_ros
[1.659s] copying yolov8_ros/__init__.py -> /home/albinev/dynamica/dynamica_vision/build/yolov8_ros/build/lib/yolov8_ros
[1.659s] copying yolov8_ros/detect_3d_node.py -> /home/albinev/dynamica/dynamica_vision/build/yolov8_ros/build/lib/yolov8_ros
[1.659s] copying yolov8_ros/tracking_node.py -> /home/albinev/dynamica/dynamica_vision/build/yolov8_ros/build/lib/yolov8_ros
[1.659s] copying yolov8_ros/yolov8_node.py -> /home/albinev/dynamica/dynamica_vision/build/yolov8_ros/build/lib/yolov8_ros
[1.659s] running install
[1.659s] running install_lib
[1.660s] creating /home/albinev/dynamica/dynamica_vision/install/yolov8_ros/lib/python3.10/site-packages/yolov8_ros
[1.660s] copying /home/albinev/dynamica/dynamica_vision/build/yolov8_ros/build/lib/yolov8_ros/debug_node.py -> /home/albinev/dynamica/dynamica_vision/install/yolov8_ros/lib/python3.10/site-packages/yolov8_ros
[1.660s] copying /home/albinev/dynamica/dynamica_vision/build/yolov8_ros/build/lib/yolov8_ros/__init__.py -> /home/albinev/dynamica/dynamica_vision/install/yolov8_ros/lib/python3.10/site-packages/yolov8_ros
[1.660s] copying /home/albinev/dynamica/dynamica_vision/build/yolov8_ros/build/lib/yolov8_ros/detect_3d_node.py -> /home/albinev/dynamica/dynamica_vision/install/yolov8_ros/lib/python3.10/site-packages/yolov8_ros
[1.660s] copying /home/albinev/dynamica/dynamica_vision/build/yolov8_ros/build/lib/yolov8_ros/tracking_node.py -> /home/albinev/dynamica/dynamica_vision/install/yolov8_ros/lib/python3.10/site-packages/yolov8_ros
[1.660s] copying /home/albinev/dynamica/dynamica_vision/build/yolov8_ros/build/lib/yolov8_ros/yolov8_node.py -> /home/albinev/dynamica/dynamica_vision/install/yolov8_ros/lib/python3.10/site-packages/yolov8_ros
[1.663s] byte-compiling /home/albinev/dynamica/dynamica_vision/install/yolov8_ros/lib/python3.10/site-packages/yolov8_ros/debug_node.py to debug_node.cpython-310.pyc
[1.665s] byte-compiling /home/albinev/dynamica/dynamica_vision/install/yolov8_ros/lib/python3.10/site-packages/yolov8_ros/__init__.py to __init__.cpython-310.pyc
[1.665s] byte-compiling /home/albinev/dynamica/dynamica_vision/install/yolov8_ros/lib/python3.10/site-packages/yolov8_ros/detect_3d_node.py to detect_3d_node.cpython-310.pyc
[1.666s] byte-compiling /home/albinev/dynamica/dynamica_vision/install/yolov8_ros/lib/python3.10/site-packages/yolov8_ros/tracking_node.py to tracking_node.cpython-310.pyc
[1.667s] byte-compiling /home/albinev/dynamica/dynamica_vision/install/yolov8_ros/lib/python3.10/site-packages/yolov8_ros/yolov8_node.py to yolov8_node.cpython-310.pyc
[1.668s] running install_data
[1.668s] creating /home/albinev/dynamica/dynamica_vision/install/yolov8_ros/share/ament_index
[1.668s] creating /home/albinev/dynamica/dynamica_vision/install/yolov8_ros/share/ament_index/resource_index
[1.668s] creating /home/albinev/dynamica/dynamica_vision/install/yolov8_ros/share/ament_index/resource_index/packages
[1.668s] copying resource/yolov8_ros -> /home/albinev/dynamica/dynamica_vision/install/yolov8_ros/share/ament_index/resource_index/packages
[1.668s] copying package.xml -> /home/albinev/dynamica/dynamica_vision/install/yolov8_ros/share/yolov8_ros
[1.668s] running install_egg_info
[1.671s] Copying ../../../build/yolov8_ros/yolov8_ros.egg-info to /home/albinev/dynamica/dynamica_vision/install/yolov8_ros/lib/python3.10/site-packages/yolov8_ros-0.0.0-py3.10.egg-info
[1.672s] running install_scripts
[1.706s] Installing debug_node script to /home/albinev/dynamica/dynamica_vision/install/yolov8_ros/lib/yolov8_ros
[1.706s] Installing detect_3d_node script to /home/albinev/dynamica/dynamica_vision/install/yolov8_ros/lib/yolov8_ros
[1.706s] Installing tracking_node script to /home/albinev/dynamica/dynamica_vision/install/yolov8_ros/lib/yolov8_ros
[1.707s] Installing yolov8_node script to /home/albinev/dynamica/dynamica_vision/install/yolov8_ros/lib/yolov8_ros
[1.707s] writing list of installed files to '/home/albinev/dynamica/dynamica_vision/build/yolov8_ros/install.log'
[1.728s] Invoked command in '/home/albinev/dynamica/dynamica_vision/src/yolov8_ros/yolov8_ros' returned '0': PYTHONPATH=/home/albinev/dynamica/dynamica_vision/build/yolov8_ros/prefix_override:/home/albinev/dynamica/dynamica_vision/install/yolov8_ros/lib/python3.10/site-packages:${PYTHONPATH} /usr/bin/python3 -W ignore:setup.py install is deprecated setup.py egg_info --egg-base ../../../build/yolov8_ros build --build-base /home/albinev/dynamica/dynamica_vision/build/yolov8_ros/build install --record /home/albinev/dynamica/dynamica_vision/build/yolov8_ros/install.log --single-version-externally-managed install_data
